<?xml version="1.0" encoding="UTF-8"?>
<testsuite name="com.cg.linkedlist.LinkedListTest" tests="1" skipped="0" failures="0" errors="0" timestamp="2020-10-18T15:00:16" hostname="DESKTOP-AURK5V2" time="0.006">
  <properties/>
  <testcase name="given3NumbersSearchNumber" classname="com.cg.linkedlist.LinkedListTest" time="0.006"/>
  <system-out><![CDATA[56
30
70
]]></system-out>
  <system-err><![CDATA[]]></system-err>
</testsuite>
