<?xml version="1.0" encoding="UTF-8"?>
<testsuite name="com.cg.linkedlist.LinkedListTest" tests="1" skipped="0" failures="0" errors="0" timestamp="2020-10-18T17:40:45" hostname="DESKTOP-AURK5V2" time="0.005">
  <properties/>
  <testcase name="testDeleteValue" classname="com.cg.linkedlist.LinkedListTest" time="0.005"/>
  <system-out><![CDATA[56
30
70
]]></system-out>
  <system-err><![CDATA[]]></system-err>
</testsuite>
