<?xml version="1.0" encoding="UTF-8"?>
<testsuite name="com.cg.linkedlist.MyNodeTest" tests="1" skipped="0" failures="0" errors="0" timestamp="2020-10-18T12:04:05" hostname="DESKTOP-AURK5V2" time="0.002">
  <properties/>
  <testcase name="given3NumbersWhenLinkedShouldPassedLinkedList" classname="com.cg.linkedlist.MyNodeTest" time="0.002"/>
  <system-out><![CDATA[]]></system-out>
  <system-err><![CDATA[]]></system-err>
</testsuite>
